0 info it worked if it ends with ok
1 verbose cli [ '/nix/store/9vkhrpycs37cl5i8pywqkdz22773bybf-nodejs-0.10.38/bin/node',
1 verbose cli   '/mnt/shared/sbin/npm',
1 verbose cli   'install',
1 verbose cli   'grunt-contrib-filerev',
1 verbose cli   '--save-dev' ]
2 info using npm@1.4.28
3 info using node@v0.10.28
4 verbose readDependencies using package.json deps
5 verbose cache add [ 'grunt-contrib-filerev', null ]
6 verbose cache add name=undefined spec="grunt-contrib-filerev" args=["grunt-contrib-filerev",null]
7 verbose parsed url { protocol: null,
7 verbose parsed url   slashes: null,
7 verbose parsed url   auth: null,
7 verbose parsed url   host: null,
7 verbose parsed url   port: null,
7 verbose parsed url   hostname: null,
7 verbose parsed url   hash: null,
7 verbose parsed url   search: null,
7 verbose parsed url   query: null,
7 verbose parsed url   pathname: 'grunt-contrib-filerev',
7 verbose parsed url   path: 'grunt-contrib-filerev',
7 verbose parsed url   href: 'grunt-contrib-filerev' }
8 silly lockFile cc4c988f-grunt-contrib-filerev grunt-contrib-filerev
9 verbose lock grunt-contrib-filerev /home/ubuntu/.npm/cc4c988f-grunt-contrib-filerev.lock
10 silly lockFile cc4c988f-grunt-contrib-filerev grunt-contrib-filerev
11 silly lockFile cc4c988f-grunt-contrib-filerev grunt-contrib-filerev
12 verbose addNamed [ 'grunt-contrib-filerev', '' ]
13 verbose addNamed [ null, '*' ]
14 silly lockFile 23e154aa-grunt-contrib-filerev grunt-contrib-filerev@
15 verbose lock grunt-contrib-filerev@ /home/ubuntu/.npm/23e154aa-grunt-contrib-filerev.lock
16 silly addNameRange { name: 'grunt-contrib-filerev', range: '*', hasData: false }
17 verbose request where is /grunt-contrib-filerev
18 verbose request registry https://registry.npmjs.org/
19 verbose request id 0cfd7d29255801e7
20 verbose url raw /grunt-contrib-filerev
21 verbose url resolving [ 'https://registry.npmjs.org/', './grunt-contrib-filerev' ]
22 verbose url resolved https://registry.npmjs.org/grunt-contrib-filerev
23 verbose request where is https://registry.npmjs.org/grunt-contrib-filerev
24 info trying registry request attempt 1 at 19:42:25
25 http GET https://registry.npmjs.org/grunt-contrib-filerev
26 http 404 https://registry.npmjs.org/grunt-contrib-filerev
27 silly registry.get cb [ 404,
27 silly registry.get   { 'content-type': 'application/json',
27 silly registry.get     'cache-control': 'max-age=0',
27 silly registry.get     'content-length': '2',
27 silly registry.get     'accept-ranges': 'bytes',
27 silly registry.get     date: 'Sat, 28 May 2016 19:42:25 GMT',
27 silly registry.get     via: '1.1 varnish',
27 silly registry.get     age: '0',
27 silly registry.get     connection: 'keep-alive',
27 silly registry.get     'x-served-by': 'cache-ord1727-ORD',
27 silly registry.get     'x-cache': 'MISS',
27 silly registry.get     'x-cache-hits': '0',
27 silly registry.get     'x-timer': 'S1464464545.300464,VS0,VE134',
27 silly registry.get     vary: 'Accept-Encoding' } ]
28 silly lockFile 23e154aa-grunt-contrib-filerev grunt-contrib-filerev@
29 silly lockFile 23e154aa-grunt-contrib-filerev grunt-contrib-filerev@
30 error 404 Not Found
30 error 404
30 error 404 'grunt-contrib-filerev' is not in the npm registry.
30 error 404 You should bug the author to publish it
30 error 404 It was specified as a dependency of 'conFusion'
30 error 404
30 error 404 Note that you can also install from a
30 error 404 tarball, folder, or http url, or git url.
31 error System Linux 4.2.0-c9
32 error command "/nix/store/9vkhrpycs37cl5i8pywqkdz22773bybf-nodejs-0.10.38/bin/node" "/mnt/shared/sbin/npm" "install" "grunt-contrib-filerev" "--save-dev"
33 error cwd /home/ubuntu/workspace/conFusion
34 error node -v v0.10.28
35 error npm -v 1.4.28
36 error code E404
37 verbose exit [ 1, true ]
